<?xml version="1.0" encoding="UTF-8"?>
<!-- Generated by org.testng.reporters.JUnitReportReporter -->
<testsuite hostname="rgamoji" name="com.walmart.Tests.assessmentTestFile" tests="1" failures="0" timestamp="30 Sep 2015 20:25:28 GMT" time="48.308" errors="0">
  <testcase name="test" time="48.308" classname="com.walmart.Tests.assessmentTestFile"/>
</testsuite> <!-- com.walmart.Tests.assessmentTestFile -->
